<?xml version="1.0" encoding="UTF-8"?>
<testng-results ignored="0" total="9" passed="9" failed="0" skipped="0">
  <reporter-output>
  </reporter-output>
  <suite started-at="2025-03-14T22:18:35 GMT" name="vendar-portal" finished-at="2025-03-14T22:18:48 GMT" duration-ms="13237">
    <groups>
    </groups>
    <test started-at="2025-03-14T22:18:35 GMT" name="user-mike" finished-at="2025-03-14T22:18:46 GMT" duration-ms="11049">
      <class name="com.preeti.tests.vendarportal.VendarPortalTest">
        <test-method is-config="true" signature="setUpConfig()[pri:0, instance:com.preeti.tests.vendarportal.VendarPortalTest@225129c]" started-at="2025-03-14T22:18:34 GMT" name="setUpConfig" finished-at="2025-03-14T22:18:35 GMT" duration-ms="7" status="PASS">
          <reporter-output>
          </reporter-output>
        </test-method> <!-- setUpConfig -->
        <test-method is-config="true" signature="setDriver(org.testng.ITestContext)[pri:0, instance:com.preeti.tests.vendarportal.VendarPortalTest@225129c]" started-at="2025-03-14T22:18:35 GMT" name="setDriver" finished-at="2025-03-14T22:18:39 GMT" duration-ms="4857" status="PASS">
          <params>
            <param index="0">
              <value>
                <![CDATA[org.testng.TestRunner@7331196b]]>
              </value>
            </param>
          </params>
          <reporter-output>
          </reporter-output>
        </test-method> <!-- setDriver -->
        <test-method is-config="true" signature="initializePageObjects(java.lang.String)[pri:0, instance:com.preeti.tests.vendarportal.VendarPortalTest@225129c]" started-at="2025-03-14T22:18:39 GMT" name="initializePageObjects" finished-at="2025-03-14T22:18:40 GMT" depends-on-methods="com.preeti.tests.AbstractTest.setDriver" duration-ms="508" status="PASS">
          <params>
            <param index="0">
              <value>
                <![CDATA[test-data/vendor-portal/mike.json]]>
              </value>
            </param>
          </params>
          <reporter-output>
          </reporter-output>
        </test-method> <!-- initializePageObjects -->
        <test-method signature="loginTest()[pri:0, instance:com.preeti.tests.vendarportal.VendarPortalTest@225129c]" started-at="2025-03-14T22:18:40 GMT" name="loginTest" finished-at="2025-03-14T22:18:43 GMT" duration-ms="2798" status="PASS">
          <reporter-output>
          </reporter-output>
        </test-method> <!-- loginTest -->
        <test-method signature="dashboardTest()[pri:0, instance:com.preeti.tests.vendarportal.VendarPortalTest@225129c]" started-at="2025-03-14T22:18:43 GMT" name="dashboardTest" finished-at="2025-03-14T22:18:44 GMT" depends-on-methods="com.preeti.tests.vendarportal.VendarPortalTest.loginTest" duration-ms="1333" status="PASS">
          <reporter-output>
          </reporter-output>
        </test-method> <!-- dashboardTest -->
        <test-method signature="logoutTest()[pri:0, instance:com.preeti.tests.vendarportal.VendarPortalTest@225129c]" started-at="2025-03-14T22:18:44 GMT" name="logoutTest" finished-at="2025-03-14T22:18:45 GMT" depends-on-methods="com.preeti.tests.vendarportal.VendarPortalTest.dashboardTest" duration-ms="1356" status="PASS">
          <reporter-output>
          </reporter-output>
        </test-method> <!-- logoutTest -->
        <test-method is-config="true" signature="quitDriver()[pri:0, instance:com.preeti.tests.vendarportal.VendarPortalTest@225129c]" started-at="2025-03-14T22:18:45 GMT" name="quitDriver" finished-at="2025-03-14T22:18:46 GMT" duration-ms="161" status="PASS">
          <reporter-output>
          </reporter-output>
        </test-method> <!-- quitDriver -->
      </class> <!-- com.preeti.tests.vendarportal.VendarPortalTest -->
    </test> <!-- user-mike -->
    <test started-at="2025-03-14T22:18:35 GMT" name="user-john" finished-at="2025-03-14T22:18:46 GMT" duration-ms="11780">
      <class name="com.preeti.tests.vendarportal.VendarPortalTest">
        <test-method is-config="true" signature="setDriver(org.testng.ITestContext)[pri:0, instance:com.preeti.tests.vendarportal.VendarPortalTest@4196c360]" started-at="2025-03-14T22:18:35 GMT" name="setDriver" finished-at="2025-03-14T22:18:39 GMT" duration-ms="4857" status="PASS">
          <params>
            <param index="0">
              <value>
                <![CDATA[org.testng.TestRunner@58be6e8]]>
              </value>
            </param>
          </params>
          <reporter-output>
          </reporter-output>
        </test-method> <!-- setDriver -->
        <test-method is-config="true" signature="initializePageObjects(java.lang.String)[pri:0, instance:com.preeti.tests.vendarportal.VendarPortalTest@4196c360]" started-at="2025-03-14T22:18:39 GMT" name="initializePageObjects" finished-at="2025-03-14T22:18:40 GMT" depends-on-methods="com.preeti.tests.AbstractTest.setDriver" duration-ms="508" status="PASS">
          <params>
            <param index="0">
              <value>
                <![CDATA[test-data/vendor-portal/john.json]]>
              </value>
            </param>
          </params>
          <reporter-output>
          </reporter-output>
        </test-method> <!-- initializePageObjects -->
        <test-method signature="loginTest()[pri:0, instance:com.preeti.tests.vendarportal.VendarPortalTest@4196c360]" started-at="2025-03-14T22:18:40 GMT" name="loginTest" finished-at="2025-03-14T22:18:43 GMT" duration-ms="2797" status="PASS">
          <reporter-output>
          </reporter-output>
        </test-method> <!-- loginTest -->
        <test-method signature="dashboardTest()[pri:0, instance:com.preeti.tests.vendarportal.VendarPortalTest@4196c360]" started-at="2025-03-14T22:18:43 GMT" name="dashboardTest" finished-at="2025-03-14T22:18:45 GMT" depends-on-methods="com.preeti.tests.vendarportal.VendarPortalTest.loginTest" duration-ms="2124" status="PASS">
          <reporter-output>
          </reporter-output>
        </test-method> <!-- dashboardTest -->
        <test-method signature="logoutTest()[pri:0, instance:com.preeti.tests.vendarportal.VendarPortalTest@4196c360]" started-at="2025-03-14T22:18:45 GMT" name="logoutTest" finished-at="2025-03-14T22:18:46 GMT" depends-on-methods="com.preeti.tests.vendarportal.VendarPortalTest.dashboardTest" duration-ms="1373" status="PASS">
          <reporter-output>
          </reporter-output>
        </test-method> <!-- logoutTest -->
        <test-method is-config="true" signature="quitDriver()[pri:0, instance:com.preeti.tests.vendarportal.VendarPortalTest@4196c360]" started-at="2025-03-14T22:18:46 GMT" name="quitDriver" finished-at="2025-03-14T22:18:46 GMT" duration-ms="89" status="PASS">
          <reporter-output>
          </reporter-output>
        </test-method> <!-- quitDriver -->
      </class> <!-- com.preeti.tests.vendarportal.VendarPortalTest -->
    </test> <!-- user-john -->
    <test started-at="2025-03-14T22:18:35 GMT" name="user-sam" finished-at="2025-03-14T22:18:48 GMT" duration-ms="13237">
      <class name="com.preeti.tests.vendarportal.VendarPortalTest">
        <test-method is-config="true" signature="setDriver(org.testng.ITestContext)[pri:0, instance:com.preeti.tests.vendarportal.VendarPortalTest@5be49b60]" started-at="2025-03-14T22:18:35 GMT" name="setDriver" finished-at="2025-03-14T22:18:39 GMT" duration-ms="4857" status="PASS">
          <params>
            <param index="0">
              <value>
                <![CDATA[org.testng.TestRunner@7fb95505]]>
              </value>
            </param>
          </params>
          <reporter-output>
          </reporter-output>
        </test-method> <!-- setDriver -->
        <test-method is-config="true" signature="initializePageObjects(java.lang.String)[pri:0, instance:com.preeti.tests.vendarportal.VendarPortalTest@5be49b60]" started-at="2025-03-14T22:18:39 GMT" name="initializePageObjects" finished-at="2025-03-14T22:18:40 GMT" depends-on-methods="com.preeti.tests.AbstractTest.setDriver" duration-ms="508" status="PASS">
          <params>
            <param index="0">
              <value>
                <![CDATA[test-data/vendor-portal/sam.json]]>
              </value>
            </param>
          </params>
          <reporter-output>
          </reporter-output>
        </test-method> <!-- initializePageObjects -->
        <test-method signature="loginTest()[pri:0, instance:com.preeti.tests.vendarportal.VendarPortalTest@5be49b60]" started-at="2025-03-14T22:18:40 GMT" name="loginTest" finished-at="2025-03-14T22:18:43 GMT" duration-ms="2796" status="PASS">
          <reporter-output>
          </reporter-output>
        </test-method> <!-- loginTest -->
        <test-method signature="dashboardTest()[pri:0, instance:com.preeti.tests.vendarportal.VendarPortalTest@5be49b60]" started-at="2025-03-14T22:18:43 GMT" name="dashboardTest" finished-at="2025-03-14T22:18:46 GMT" depends-on-methods="com.preeti.tests.vendarportal.VendarPortalTest.loginTest" duration-ms="3187" status="PASS">
          <reporter-output>
          </reporter-output>
        </test-method> <!-- dashboardTest -->
        <test-method signature="logoutTest()[pri:0, instance:com.preeti.tests.vendarportal.VendarPortalTest@5be49b60]" started-at="2025-03-14T22:18:46 GMT" name="logoutTest" finished-at="2025-03-14T22:18:48 GMT" depends-on-methods="com.preeti.tests.vendarportal.VendarPortalTest.dashboardTest" duration-ms="1771" status="PASS">
          <reporter-output>
          </reporter-output>
        </test-method> <!-- logoutTest -->
        <test-method is-config="true" signature="quitDriver()[pri:0, instance:com.preeti.tests.vendarportal.VendarPortalTest@5be49b60]" started-at="2025-03-14T22:18:48 GMT" name="quitDriver" finished-at="2025-03-14T22:18:48 GMT" duration-ms="85" status="PASS">
          <reporter-output>
          </reporter-output>
        </test-method> <!-- quitDriver -->
      </class> <!-- com.preeti.tests.vendarportal.VendarPortalTest -->
    </test> <!-- user-sam -->
  </suite> <!-- vendar-portal -->
</testng-results>
