<?xml version="1.0" encoding="UTF-8"?>
<testng-results ignored="0" total="20" passed="20" failed="0" skipped="0">
  <reporter-output>
  </reporter-output>
  <suite started-at="2025-03-15T23:36:18 GMT" name="flight-reservation" finished-at="2025-03-15T23:37:29 GMT" duration-ms="70862">
    <groups>
    </groups>
    <test started-at="2025-03-15T23:36:18 GMT" name="passengers-count-1" finished-at="2025-03-15T23:37:13 GMT" duration-ms="55158">
      <class name="com.preeti.tests.flightreservation.FlightReservationTest">
        <test-method is-config="true" signature="setDriver(org.testng.ITestContext)[pri:0, instance:com.preeti.tests.flightreservation.FlightReservationTest@16b2bb0c]" started-at="2025-03-15T23:36:18 GMT" name="setDriver" finished-at="2025-03-15T23:36:36 GMT" duration-ms="18047" status="PASS">
          <params>
            <param index="0">
              <value>
                <![CDATA[org.testng.TestRunner@4b40f651]]>
              </value>
            </param>
          </params>
          <reporter-output>
          </reporter-output>
        </test-method> <!-- setDriver -->
        <test-method is-config="true" signature="initializePageVariables(java.lang.String)[pri:0, instance:com.preeti.tests.flightreservation.FlightReservationTest@16b2bb0c]" started-at="2025-03-15T23:36:36 GMT" name="initializePageVariables" finished-at="2025-03-15T23:36:39 GMT" depends-on-methods="com.preeti.tests.AbstractTest.setDriver" duration-ms="2531" status="PASS">
          <params>
            <param index="0">
              <value>
                <![CDATA[test-data/flight-reservation/passenger-1.json]]>
              </value>
            </param>
          </params>
          <reporter-output>
          </reporter-output>
        </test-method> <!-- initializePageVariables -->
        <test-method signature="userRegistrationTest()[pri:0, instance:com.preeti.tests.flightreservation.FlightReservationTest@16b2bb0c]" started-at="2025-03-15T23:36:39 GMT" name="userRegistrationTest" finished-at="2025-03-15T23:37:00 GMT" duration-ms="20967" status="PASS">
          <reporter-output>
          </reporter-output>
        </test-method> <!-- userRegistrationTest -->
        <test-method signature="registrationConfirmationTest()[pri:0, instance:com.preeti.tests.flightreservation.FlightReservationTest@16b2bb0c]" started-at="2025-03-15T23:37:00 GMT" name="registrationConfirmationTest" finished-at="2025-03-15T23:37:02 GMT" depends-on-methods="com.preeti.tests.flightreservation.FlightReservationTest.userRegistrationTest" duration-ms="2104" status="PASS">
          <reporter-output>
          </reporter-output>
        </test-method> <!-- registrationConfirmationTest -->
        <test-method signature="flightSearchTest()[pri:0, instance:com.preeti.tests.flightreservation.FlightReservationTest@16b2bb0c]" started-at="2025-03-15T23:37:02 GMT" name="flightSearchTest" finished-at="2025-03-15T23:37:05 GMT" depends-on-methods="com.preeti.tests.flightreservation.FlightReservationTest.registrationConfirmationTest" duration-ms="2856" status="PASS">
          <reporter-output>
          </reporter-output>
        </test-method> <!-- flightSearchTest -->
        <test-method signature="flightSelectionTest()[pri:0, instance:com.preeti.tests.flightreservation.FlightReservationTest@16b2bb0c]" started-at="2025-03-15T23:37:05 GMT" name="flightSelectionTest" finished-at="2025-03-15T23:37:08 GMT" depends-on-methods="com.preeti.tests.flightreservation.FlightReservationTest.flightSearchTest" duration-ms="3194" status="PASS">
          <reporter-output>
          </reporter-output>
        </test-method> <!-- flightSelectionTest -->
        <test-method signature="flightConfirmationTest()[pri:0, instance:com.preeti.tests.flightreservation.FlightReservationTest@16b2bb0c]" started-at="2025-03-15T23:37:08 GMT" name="flightConfirmationTest" finished-at="2025-03-15T23:37:09 GMT" depends-on-methods="com.preeti.tests.flightreservation.FlightReservationTest.flightSelectionTest" duration-ms="636" status="PASS">
          <reporter-output>
          </reporter-output>
        </test-method> <!-- flightConfirmationTest -->
        <test-method is-config="true" signature="quitDriver()[pri:0, instance:com.preeti.tests.flightreservation.FlightReservationTest@16b2bb0c]" started-at="2025-03-15T23:37:09 GMT" name="quitDriver" finished-at="2025-03-15T23:37:13 GMT" duration-ms="4431" status="PASS">
          <reporter-output>
          </reporter-output>
        </test-method> <!-- quitDriver -->
      </class> <!-- com.preeti.tests.flightreservation.FlightReservationTest -->
    </test> <!-- passengers-count-1 -->
    <test started-at="2025-03-15T23:36:18 GMT" name="passengers-count-2" finished-at="2025-03-15T23:37:13 GMT" duration-ms="55157">
      <class name="com.preeti.tests.flightreservation.FlightReservationTest">
        <test-method is-config="true" signature="setDriver(org.testng.ITestContext)[pri:0, instance:com.preeti.tests.flightreservation.FlightReservationTest@6d07a63d]" started-at="2025-03-15T23:36:18 GMT" name="setDriver" finished-at="2025-03-15T23:36:39 GMT" duration-ms="20983" status="PASS">
          <params>
            <param index="0">
              <value>
                <![CDATA[org.testng.TestRunner@42b02722]]>
              </value>
            </param>
          </params>
          <reporter-output>
          </reporter-output>
        </test-method> <!-- setDriver -->
        <test-method is-config="true" signature="initializePageVariables(java.lang.String)[pri:0, instance:com.preeti.tests.flightreservation.FlightReservationTest@6d07a63d]" started-at="2025-03-15T23:36:39 GMT" name="initializePageVariables" finished-at="2025-03-15T23:36:39 GMT" depends-on-methods="com.preeti.tests.AbstractTest.setDriver" duration-ms="18" status="PASS">
          <params>
            <param index="0">
              <value>
                <![CDATA[test-data/flight-reservation/passenger-2.json]]>
              </value>
            </param>
          </params>
          <reporter-output>
          </reporter-output>
        </test-method> <!-- initializePageVariables -->
        <test-method signature="userRegistrationTest()[pri:0, instance:com.preeti.tests.flightreservation.FlightReservationTest@6d07a63d]" started-at="2025-03-15T23:36:39 GMT" name="userRegistrationTest" finished-at="2025-03-15T23:36:58 GMT" duration-ms="18718" status="PASS">
          <reporter-output>
          </reporter-output>
        </test-method> <!-- userRegistrationTest -->
        <test-method signature="registrationConfirmationTest()[pri:0, instance:com.preeti.tests.flightreservation.FlightReservationTest@6d07a63d]" started-at="2025-03-15T23:36:58 GMT" name="registrationConfirmationTest" finished-at="2025-03-15T23:37:02 GMT" depends-on-methods="com.preeti.tests.flightreservation.FlightReservationTest.userRegistrationTest" duration-ms="3803" status="PASS">
          <reporter-output>
          </reporter-output>
        </test-method> <!-- registrationConfirmationTest -->
        <test-method signature="flightSearchTest()[pri:0, instance:com.preeti.tests.flightreservation.FlightReservationTest@6d07a63d]" started-at="2025-03-15T23:37:02 GMT" name="flightSearchTest" finished-at="2025-03-15T23:37:06 GMT" depends-on-methods="com.preeti.tests.flightreservation.FlightReservationTest.registrationConfirmationTest" duration-ms="3807" status="PASS">
          <reporter-output>
          </reporter-output>
        </test-method> <!-- flightSearchTest -->
        <test-method signature="flightSelectionTest()[pri:0, instance:com.preeti.tests.flightreservation.FlightReservationTest@6d07a63d]" started-at="2025-03-15T23:37:06 GMT" name="flightSelectionTest" finished-at="2025-03-15T23:37:08 GMT" depends-on-methods="com.preeti.tests.flightreservation.FlightReservationTest.flightSearchTest" duration-ms="2251" status="PASS">
          <reporter-output>
          </reporter-output>
        </test-method> <!-- flightSelectionTest -->
        <test-method signature="flightConfirmationTest()[pri:0, instance:com.preeti.tests.flightreservation.FlightReservationTest@6d07a63d]" started-at="2025-03-15T23:37:08 GMT" name="flightConfirmationTest" finished-at="2025-03-15T23:37:09 GMT" depends-on-methods="com.preeti.tests.flightreservation.FlightReservationTest.flightSelectionTest" duration-ms="671" status="PASS">
          <reporter-output>
          </reporter-output>
        </test-method> <!-- flightConfirmationTest -->
        <test-method is-config="true" signature="quitDriver()[pri:0, instance:com.preeti.tests.flightreservation.FlightReservationTest@6d07a63d]" started-at="2025-03-15T23:37:09 GMT" name="quitDriver" finished-at="2025-03-15T23:37:13 GMT" duration-ms="4617" status="PASS">
          <reporter-output>
          </reporter-output>
        </test-method> <!-- quitDriver -->
      </class> <!-- com.preeti.tests.flightreservation.FlightReservationTest -->
    </test> <!-- passengers-count-2 -->
    <test started-at="2025-03-15T23:36:18 GMT" name="passengers-count-3" finished-at="2025-03-15T23:37:14 GMT" duration-ms="56035">
      <class name="com.preeti.tests.flightreservation.FlightReservationTest">
        <test-method is-config="true" signature="setDriver(org.testng.ITestContext)[pri:0, instance:com.preeti.tests.flightreservation.FlightReservationTest@488d1cd7]" started-at="2025-03-15T23:36:18 GMT" name="setDriver" finished-at="2025-03-15T23:36:36 GMT" duration-ms="18047" status="PASS">
          <params>
            <param index="0">
              <value>
                <![CDATA[org.testng.TestRunner@64a40280]]>
              </value>
            </param>
          </params>
          <reporter-output>
          </reporter-output>
        </test-method> <!-- setDriver -->
        <test-method is-config="true" signature="initializePageVariables(java.lang.String)[pri:0, instance:com.preeti.tests.flightreservation.FlightReservationTest@488d1cd7]" started-at="2025-03-15T23:36:36 GMT" name="initializePageVariables" finished-at="2025-03-15T23:36:39 GMT" depends-on-methods="com.preeti.tests.AbstractTest.setDriver" duration-ms="2530" status="PASS">
          <params>
            <param index="0">
              <value>
                <![CDATA[test-data/flight-reservation/passenger-3.json]]>
              </value>
            </param>
          </params>
          <reporter-output>
          </reporter-output>
        </test-method> <!-- initializePageVariables -->
        <test-method signature="userRegistrationTest()[pri:0, instance:com.preeti.tests.flightreservation.FlightReservationTest@488d1cd7]" started-at="2025-03-15T23:36:39 GMT" name="userRegistrationTest" finished-at="2025-03-15T23:36:58 GMT" duration-ms="18966" status="PASS">
          <reporter-output>
          </reporter-output>
        </test-method> <!-- userRegistrationTest -->
        <test-method signature="registrationConfirmationTest()[pri:0, instance:com.preeti.tests.flightreservation.FlightReservationTest@488d1cd7]" started-at="2025-03-15T23:36:58 GMT" name="registrationConfirmationTest" finished-at="2025-03-15T23:37:02 GMT" depends-on-methods="com.preeti.tests.flightreservation.FlightReservationTest.userRegistrationTest" duration-ms="3593" status="PASS">
          <reporter-output>
          </reporter-output>
        </test-method> <!-- registrationConfirmationTest -->
        <test-method signature="flightSearchTest()[pri:0, instance:com.preeti.tests.flightreservation.FlightReservationTest@488d1cd7]" started-at="2025-03-15T23:37:02 GMT" name="flightSearchTest" finished-at="2025-03-15T23:37:04 GMT" depends-on-methods="com.preeti.tests.flightreservation.FlightReservationTest.registrationConfirmationTest" duration-ms="2113" status="PASS">
          <reporter-output>
          </reporter-output>
        </test-method> <!-- flightSearchTest -->
        <test-method signature="flightSelectionTest()[pri:0, instance:com.preeti.tests.flightreservation.FlightReservationTest@488d1cd7]" started-at="2025-03-15T23:37:04 GMT" name="flightSelectionTest" finished-at="2025-03-15T23:37:08 GMT" depends-on-methods="com.preeti.tests.flightreservation.FlightReservationTest.flightSearchTest" duration-ms="3747" status="PASS">
          <reporter-output>
          </reporter-output>
        </test-method> <!-- flightSelectionTest -->
        <test-method signature="flightConfirmationTest()[pri:0, instance:com.preeti.tests.flightreservation.FlightReservationTest@488d1cd7]" started-at="2025-03-15T23:37:08 GMT" name="flightConfirmationTest" finished-at="2025-03-15T23:37:10 GMT" depends-on-methods="com.preeti.tests.flightreservation.FlightReservationTest.flightSelectionTest" duration-ms="2190" status="PASS">
          <reporter-output>
          </reporter-output>
        </test-method> <!-- flightConfirmationTest -->
        <test-method is-config="true" signature="quitDriver()[pri:0, instance:com.preeti.tests.flightreservation.FlightReservationTest@488d1cd7]" started-at="2025-03-15T23:37:10 GMT" name="quitDriver" finished-at="2025-03-15T23:37:14 GMT" duration-ms="4345" status="PASS">
          <reporter-output>
          </reporter-output>
        </test-method> <!-- quitDriver -->
      </class> <!-- com.preeti.tests.flightreservation.FlightReservationTest -->
    </test> <!-- passengers-count-3 -->
    <test started-at="2025-03-15T23:37:13 GMT" name="passengers-count-4" finished-at="2025-03-15T23:37:29 GMT" duration-ms="15433">
      <class name="com.preeti.tests.flightreservation.FlightReservationTest">
        <test-method is-config="true" signature="setUpConfig()[pri:0, instance:com.preeti.tests.flightreservation.FlightReservationTest@d278d2b]" started-at="2025-03-15T23:36:18 GMT" name="setUpConfig" finished-at="2025-03-15T23:36:18 GMT" duration-ms="14" status="PASS">
          <reporter-output>
          </reporter-output>
        </test-method> <!-- setUpConfig -->
        <test-method is-config="true" signature="setDriver(org.testng.ITestContext)[pri:0, instance:com.preeti.tests.flightreservation.FlightReservationTest@d278d2b]" started-at="2025-03-15T23:37:13 GMT" name="setDriver" finished-at="2025-03-15T23:37:17 GMT" duration-ms="3765" status="PASS">
          <params>
            <param index="0">
              <value>
                <![CDATA[org.testng.TestRunner@d62fe5b]]>
              </value>
            </param>
          </params>
          <reporter-output>
          </reporter-output>
        </test-method> <!-- setDriver -->
        <test-method is-config="true" signature="initializePageVariables(java.lang.String)[pri:0, instance:com.preeti.tests.flightreservation.FlightReservationTest@d278d2b]" started-at="2025-03-15T23:37:17 GMT" name="initializePageVariables" finished-at="2025-03-15T23:37:17 GMT" depends-on-methods="com.preeti.tests.AbstractTest.setDriver" duration-ms="12" status="PASS">
          <params>
            <param index="0">
              <value>
                <![CDATA[test-data/flight-reservation/passenger-4.json]]>
              </value>
            </param>
          </params>
          <reporter-output>
          </reporter-output>
        </test-method> <!-- initializePageVariables -->
        <test-method signature="userRegistrationTest()[pri:0, instance:com.preeti.tests.flightreservation.FlightReservationTest@d278d2b]" started-at="2025-03-15T23:37:17 GMT" name="userRegistrationTest" finished-at="2025-03-15T23:37:20 GMT" duration-ms="2260" status="PASS">
          <reporter-output>
          </reporter-output>
        </test-method> <!-- userRegistrationTest -->
        <test-method signature="registrationConfirmationTest()[pri:0, instance:com.preeti.tests.flightreservation.FlightReservationTest@d278d2b]" started-at="2025-03-15T23:37:20 GMT" name="registrationConfirmationTest" finished-at="2025-03-15T23:37:22 GMT" depends-on-methods="com.preeti.tests.flightreservation.FlightReservationTest.userRegistrationTest" duration-ms="2563" status="PASS">
          <reporter-output>
          </reporter-output>
        </test-method> <!-- registrationConfirmationTest -->
        <test-method signature="flightSearchTest()[pri:0, instance:com.preeti.tests.flightreservation.FlightReservationTest@d278d2b]" started-at="2025-03-15T23:37:22 GMT" name="flightSearchTest" finished-at="2025-03-15T23:37:25 GMT" depends-on-methods="com.preeti.tests.flightreservation.FlightReservationTest.registrationConfirmationTest" duration-ms="2419" status="PASS">
          <reporter-output>
          </reporter-output>
        </test-method> <!-- flightSearchTest -->
        <test-method signature="flightSelectionTest()[pri:0, instance:com.preeti.tests.flightreservation.FlightReservationTest@d278d2b]" started-at="2025-03-15T23:37:25 GMT" name="flightSelectionTest" finished-at="2025-03-15T23:37:26 GMT" depends-on-methods="com.preeti.tests.flightreservation.FlightReservationTest.flightSearchTest" duration-ms="1143" status="PASS">
          <reporter-output>
          </reporter-output>
        </test-method> <!-- flightSelectionTest -->
        <test-method signature="flightConfirmationTest()[pri:0, instance:com.preeti.tests.flightreservation.FlightReservationTest@d278d2b]" started-at="2025-03-15T23:37:26 GMT" name="flightConfirmationTest" finished-at="2025-03-15T23:37:27 GMT" depends-on-methods="com.preeti.tests.flightreservation.FlightReservationTest.flightSelectionTest" duration-ms="831" status="PASS">
          <reporter-output>
          </reporter-output>
        </test-method> <!-- flightConfirmationTest -->
        <test-method is-config="true" signature="quitDriver()[pri:0, instance:com.preeti.tests.flightreservation.FlightReservationTest@d278d2b]" started-at="2025-03-15T23:37:27 GMT" name="quitDriver" finished-at="2025-03-15T23:37:29 GMT" duration-ms="2371" status="PASS">
          <reporter-output>
          </reporter-output>
        </test-method> <!-- quitDriver -->
      </class> <!-- com.preeti.tests.flightreservation.FlightReservationTest -->
    </test> <!-- passengers-count-4 -->
  </suite> <!-- flight-reservation -->
</testng-results>
